<?xml version="1.0" encoding="UTF-8"?>
<!-- Generated by org.testng.reporters.JUnitReportReporter -->
<testsuite hostname="Admin-PC" name="Testingprograms.NewTest" tests="1" failures="0" timestamp="8 Jul 2019 11:15:46 GMT" time="0.006" errors="0">
  <testcase name="f" time="0.006" classname="Testingprograms.NewTest"/>
</testsuite> <!-- Testingprograms.NewTest -->
