<?xml version="1.0" encoding="UTF-8"?>
<!-- Generated by org.testng.reporters.JUnitReportReporter -->
<testsuite hostname="Admin-PC" name="testscripts.Logintc" tests="2" failures="0" timestamp="30 Jun 2019 11:38:50 GMT" time="0.024" errors="0">
  <testcase name="logoutTC" time="0.008" classname="testscripts.Logintc"/>
  <testcase name="loginTC" time="0.016" classname="testscripts.Logintc"/>
</testsuite> <!-- testscripts.Logintc -->
