<?xml version="1.0" encoding="UTF-8"?>
<!-- Generated by org.testng.reporters.JUnitReportReporter -->
<testsuite hostname="Admin-PC" name="testscripts.test123" tests="1" failures="0" timestamp="30 Jun 2019 14:20:15 GMT" time="0.020" errors="0">
  <testcase name="test" time="0.020" classname="testscripts.test123"/>
</testsuite> <!-- testscripts.test123 -->
