<?xml version="1.0" encoding="UTF-8"?>
<!-- Generated by org.testng.reporters.JUnitReportReporter -->
<testsuite hostname="Admin-PC" name="testscripts.browsertest" tests="1" failures="0" timestamp="5 Jul 2019 12:43:26 GMT" time="0.020" errors="0">
  <testcase name="BrowserTest" time="0.020" classname="testscripts.browsertest"/>
</testsuite> <!-- testscripts.browsertest -->
