<?xml version="1.0" encoding="UTF-8"?>
<!-- Generated by org.testng.reporters.JUnitReportReporter -->
<testsuite hostname="Admin-PC" name="testscripts.browsertest" tests="1" failures="0" timestamp="30 Jun 2019 11:38:50 GMT" time="0.002" errors="0">
  <testcase name="BrowserTest" time="0.002" classname="testscripts.browsertest"/>
</testsuite> <!-- testscripts.browsertest -->
